15:22:52.480 [INFO] [main] c.m.m.MediConCallAppApplication - Starting MediConCallAppApplication using Java 17.0.9 with PID 6220 (C:\Users\imran\IdeaProjects\MediConCallApp\build\classes\java\main started by imran in C:\Users\imran\IdeaProjects\MediConCallApp)
15:22:52.485 [DEBUG] [main] c.m.m.MediConCallAppApplication - Running with Spring Boot v3.1.2, Spring v6.0.11
15:22:52.486 [INFO] [main] c.m.m.MediConCallAppApplication - No active profile set, falling back to 1 default profile: "default"
15:22:58.498 [DEBUG] [main] c.m.m.filter.JwtAuthorizationFilter - Filter 'jwtAuthorizationFilter' configured for use
15:22:59.886 [INFO] [main] c.m.m.MediConCallAppApplication - Started MediConCallAppApplication in 8.051 seconds (process running for 9.094)
15:23:00.023 [INFO] [scheduling-1] c.m.m.schedulers.ScheduledService - expired tokens deleted
15:23:00.031 [INFO] [scheduling-1] c.m.m.schedulers.ScheduledService - expired reservations deleted
15:23:16.320 [INFO] [http-nio-8080-exec-1] c.m.m.s.i.AuthenticationServiceImpl - authenticate method started by: admin
15:23:16.599 [INFO] [http-nio-8080-exec-1] c.m.m.s.i.AuthenticationServiceImpl - authentication details: UsernamePasswordAuthenticationToken [Principal=org.springframework.security.core.userdetails.User [Username=admin, Password=[PROTECTED], Enabled=true, AccountNonExpired=true, credentialsNonExpired=true, AccountNonLocked=true, Granted Authorities=[ROLE_ADMIN]], Credentials=[PROTECTED], Authenticated=true, Details=null, Granted Authorities=[ROLE_ADMIN]]
15:23:16.610 [INFO] [http-nio-8080-exec-1] c.m.m.service.utility.JwtUtil - Jwt token created for user: admin
15:23:16.632 [INFO] [http-nio-8080-exec-1] c.m.m.s.i.AuthenticationServiceImpl - user: admin logged in
15:25:13.014 [INFO] [http-nio-8080-exec-5] c.m.m.service.impl.UserServiceImpl - user getById method started by userId: 1
15:25:13.017 [INFO] [http-nio-8080-exec-5] c.m.m.service.impl.UserServiceImpl - user getById method done by userId: 1
15:26:15.322 [INFO] [http-nio-8080-exec-9] c.m.m.s.impl.ReservationServiceImpl - reservation getAllReservations method started
15:26:15.334 [INFO] [http-nio-8080-exec-9] c.m.m.s.impl.ReservationServiceImpl - reservation getAllReservations method done
15:26:47.570 [INFO] [http-nio-8080-exec-1] c.m.m.s.i.AuthenticationServiceImpl - authenticate method started by: imran
15:26:47.689 [INFO] [http-nio-8080-exec-1] c.m.m.s.i.AuthenticationServiceImpl - authentication details: UsernamePasswordAuthenticationToken [Principal=org.springframework.security.core.userdetails.User [Username=imran, Password=[PROTECTED], Enabled=true, AccountNonExpired=true, credentialsNonExpired=true, AccountNonLocked=true, Granted Authorities=[ROLE_PATIENT]], Credentials=[PROTECTED], Authenticated=true, Details=null, Granted Authorities=[ROLE_PATIENT]]
15:26:47.689 [INFO] [http-nio-8080-exec-1] c.m.m.service.utility.JwtUtil - Jwt token created for user: imran
15:26:47.689 [INFO] [http-nio-8080-exec-1] c.m.m.s.i.AuthenticationServiceImpl - user: imran logged in
15:28:01.261 [INFO] [http-nio-8080-exec-3] c.m.m.s.impl.PatientServiceImpl - patient get method started by userId: 2
15:28:01.301 [INFO] [http-nio-8080-exec-3] c.m.m.s.impl.PatientServiceImpl - patient get method done by userId: 2
15:28:26.903 [INFO] [http-nio-8080-exec-5] c.m.m.service.impl.DoctorServiceImpl - doctor getDoctorByName method started for a
15:28:26.928 [INFO] [http-nio-8080-exec-5] c.m.m.service.impl.DoctorServiceImpl - doctor getDoctorByName method done for a
15:28:55.256 [INFO] [http-nio-8080-exec-7] c.m.m.service.impl.DoctorServiceImpl - doctor getDoctorByIdForPatient method started by userId: 2
15:28:55.267 [ERROR] [http-nio-8080-exec-7] c.m.m.e.h.GlobalExceptionHandler - NotFoundException ->  Doctor Not found!
15:31:01.382 [ERROR] [http-nio-8080-exec-9] c.m.m.e.h.GlobalExceptionHandler - RuntimeException -> MethodArgumentNotValidException Validation failed for argument [1] in public void com.matrix.mediconcallapp.controller.PatientController.update(jakarta.servlet.http.HttpServletRequest,com.matrix.mediconcallapp.model.dto.request.PatientEditReqDto): [Field error in object 'patientEditReqDto' on field 'bankAccount': rejected value [3454]; codes [Size.patientEditReqDto.bankAccount,Size.bankAccount,Size.java.lang.String,Size]; arguments [org.springframework.context.support.DefaultMessageSourceResolvable: codes [patientEditReqDto.bankAccount,bankAccount]; arguments []; default message [bankAccount],16,16]; default message [size must be between 16 and 16]] 
15:32:59.893 [INFO] [scheduling-1] c.m.m.schedulers.ScheduledService - expired tokens deleted
15:32:59.898 [INFO] [scheduling-1] c.m.m.schedulers.ScheduledService - expired reservations deleted
15:34:20.912 [INFO] [http-nio-8080-exec-10] c.m.m.s.impl.PatientServiceImpl - add method start imran
15:34:20.912 [ERROR] [http-nio-8080-exec-10] c.m.m.e.h.GlobalExceptionHandler - ConflictException ->  User already exists  - conflict!
09:58:01.096 [INFO] [main] c.m.m.MediConCallAppApplication - Starting MediConCallAppApplication using Java 17.0.9 with PID 15520 (C:\Users\imran\IdeaProjects\MediconcallApp\build\classes\java\main started by imran in C:\Users\imran\IdeaProjects\MediConCallApp)
09:58:01.122 [DEBUG] [main] c.m.m.MediConCallAppApplication - Running with Spring Boot v3.1.2, Spring v6.0.11
09:58:01.123 [INFO] [main] c.m.m.MediConCallAppApplication - No active profile set, falling back to 1 default profile: "default"
09:58:12.168 [DEBUG] [main] c.m.m.filter.JwtAuthorizationFilter - Filter 'jwtAuthorizationFilter' configured for use
09:58:14.111 [INFO] [main] c.m.m.MediConCallAppApplication - Started MediConCallAppApplication in 14.106 seconds (process running for 16.269)
09:58:14.323 [INFO] [scheduling-1] c.m.m.schedulers.ScheduledService - expired reservations deleted
09:58:14.346 [INFO] [scheduling-1] c.m.m.schedulers.ScheduledService - expired tokens deleted
01:48:46.223 [INFO] [main] c.m.m.MediConCallAppApplication - Starting MediConCallAppApplication using Java 17.0.10 with PID 13900 (C:\Users\imran\IdeaProjects\MediconcallApp\build\classes\java\main started by imran in C:\Users\imran\IdeaProjects\MediConCallApp)
01:48:46.225 [DEBUG] [main] c.m.m.MediConCallAppApplication - Running with Spring Boot v3.1.2, Spring v6.0.11
01:48:46.226 [INFO] [main] c.m.m.MediConCallAppApplication - The following 1 profile is active: "test"
01:48:53.250 [DEBUG] [main] c.m.m.filter.JwtAuthorizationFilter - Filter 'jwtAuthorizationFilter' configured for use
01:48:54.495 [INFO] [main] c.m.m.MediConCallAppApplication - Started MediConCallAppApplication in 8.807 seconds (process running for 10.032)
01:48:54.674 [INFO] [scheduling-1] c.m.m.schedulers.ScheduledService - expired reservations deleted
01:48:54.685 [INFO] [scheduling-1] c.m.m.schedulers.ScheduledService - expired tokens deleted
02:41:37.957 [INFO] [main] c.m.m.MediConCallAppApplication - Starting MediConCallAppApplication using Java 17.0.10 with PID 2584 (C:\Users\imran\IdeaProjects\MediconcallApp\build\classes\java\main started by imran in C:\Users\imran\IdeaProjects\MediConCallApp)
02:41:37.959 [DEBUG] [main] c.m.m.MediConCallAppApplication - Running with Spring Boot v3.1.2, Spring v6.0.11
02:41:37.960 [INFO] [main] c.m.m.MediConCallAppApplication - The following 1 profile is active: "test"
02:41:44.793 [DEBUG] [main] c.m.m.filter.JwtAuthorizationFilter - Filter 'jwtAuthorizationFilter' configured for use
02:41:45.983 [INFO] [main] c.m.m.MediConCallAppApplication - Started MediConCallAppApplication in 8.641 seconds (process running for 9.643)
02:41:46.117 [INFO] [scheduling-1] c.m.m.schedulers.ScheduledService - expired reservations deleted
02:41:46.124 [INFO] [scheduling-1] c.m.m.schedulers.ScheduledService - expired tokens deleted
02:42:42.866 [INFO] [http-nio-8080-exec-5] c.m.m.s.i.AuthenticationServiceImpl - authenticate method started by: admin
02:42:43.161 [INFO] [http-nio-8080-exec-5] c.m.m.s.i.AuthenticationServiceImpl - authentication details: UsernamePasswordAuthenticationToken [Principal=org.springframework.security.core.userdetails.User [Username=admin, Password=[PROTECTED], Enabled=true, AccountNonExpired=true, credentialsNonExpired=true, AccountNonLocked=true, Granted Authorities=[ROLE_ADMIN]], Credentials=[PROTECTED], Authenticated=true, Details=null, Granted Authorities=[ROLE_ADMIN]]
02:42:43.184 [INFO] [http-nio-8080-exec-5] c.m.m.service.utility.JwtUtil - Jwt token created for user: admin
02:42:43.198 [INFO] [http-nio-8080-exec-5] c.m.m.s.i.AuthenticationServiceImpl - user: admin logged in
02:44:47.757 [INFO] [main] c.m.m.MediConCallAppApplication - Starting MediConCallAppApplication using Java 17.0.10 with PID 15524 (C:\Users\imran\IdeaProjects\MediconcallApp\build\classes\java\main started by imran in C:\Users\imran\IdeaProjects\MediConCallApp)
02:44:47.760 [DEBUG] [main] c.m.m.MediConCallAppApplication - Running with Spring Boot v3.1.2, Spring v6.0.11
02:44:47.760 [INFO] [main] c.m.m.MediConCallAppApplication - The following 1 profile is active: "test"
02:45:42.274 [INFO] [main] c.m.m.MediConCallAppApplication - Starting MediConCallAppApplication using Java 17.0.10 with PID 20164 (C:\Users\imran\IdeaProjects\MediconcallApp\build\classes\java\main started by imran in C:\Users\imran\IdeaProjects\MediConCallApp)
02:45:42.277 [DEBUG] [main] c.m.m.MediConCallAppApplication - Running with Spring Boot v3.1.2, Spring v6.0.11
02:45:42.278 [INFO] [main] c.m.m.MediConCallAppApplication - The following 1 profile is active: "test"
02:46:35.180 [INFO] [main] c.m.m.MediConCallAppApplication - Starting MediConCallAppApplication using Java 17.0.10 with PID 6980 (C:\Users\imran\IdeaProjects\MediconcallApp\build\classes\java\main started by imran in C:\Users\imran\IdeaProjects\MediConCallApp)
02:46:35.183 [DEBUG] [main] c.m.m.MediConCallAppApplication - Running with Spring Boot v3.1.2, Spring v6.0.11
02:46:35.184 [INFO] [main] c.m.m.MediConCallAppApplication - The following 1 profile is active: "test"
02:46:41.182 [DEBUG] [main] c.m.m.filter.JwtAuthorizationFilter - Filter 'jwtAuthorizationFilter' configured for use
02:46:42.334 [INFO] [main] c.m.m.MediConCallAppApplication - Started MediConCallAppApplication in 7.658 seconds (process running for 8.542)
02:46:42.519 [INFO] [scheduling-1] c.m.m.schedulers.ScheduledService - expired reservations deleted
02:46:42.530 [INFO] [scheduling-1] c.m.m.schedulers.ScheduledService - expired tokens deleted
02:48:34.774 [INFO] [main] c.m.m.MediConCallAppApplication - Starting MediConCallAppApplication using Java 17.0.10 with PID 17804 (C:\Users\imran\IdeaProjects\MediconcallApp\build\classes\java\main started by imran in C:\Users\imran\IdeaProjects\MediConCallApp)
02:48:34.778 [DEBUG] [main] c.m.m.MediConCallAppApplication - Running with Spring Boot v3.1.2, Spring v6.0.11
02:48:34.778 [INFO] [main] c.m.m.MediConCallAppApplication - The following 1 profile is active: "test"
02:50:22.911 [INFO] [main] c.m.m.MediConCallAppApplication - Starting MediConCallAppApplication using Java 17.0.10 with PID 21416 (C:\Users\imran\IdeaProjects\MediconcallApp\build\classes\java\main started by imran in C:\Users\imran\IdeaProjects\MediConCallApp)
02:50:22.913 [DEBUG] [main] c.m.m.MediConCallAppApplication - Running with Spring Boot v3.1.2, Spring v6.0.11
02:50:22.914 [INFO] [main] c.m.m.MediConCallAppApplication - The following 1 profile is active: "test"
04:30:47.415 [INFO] [main] c.m.m.MediConCallAppApplication - Starting MediConCallAppApplication using Java 17.0.10 with PID 15720 (C:\Users\imran\IdeaProjects\MediconcallApp\build\classes\java\main started by imran in C:\Users\imran\IdeaProjects\MediConCallApp)
04:30:47.418 [DEBUG] [main] c.m.m.MediConCallAppApplication - Running with Spring Boot v3.1.2, Spring v6.0.11
04:30:47.419 [INFO] [main] c.m.m.MediConCallAppApplication - The following 1 profile is active: "test"
04:30:53.230 [DEBUG] [main] c.m.m.filter.JwtAuthorizationFilter - Filter 'jwtAuthorizationFilter' configured for use
04:30:54.370 [INFO] [main] c.m.m.MediConCallAppApplication - Started MediConCallAppApplication in 7.54 seconds (process running for 8.616)
04:30:54.572 [INFO] [scheduling-1] c.m.m.schedulers.ScheduledService - expired reservations deleted
04:30:54.577 [INFO] [scheduling-1] c.m.m.schedulers.ScheduledService - expired tokens deleted
04:31:19.246 [INFO] [http-nio-8080-exec-4] c.m.m.s.i.AuthenticationServiceImpl - authenticate method started by: admin
04:31:19.536 [INFO] [http-nio-8080-exec-4] c.m.m.s.i.AuthenticationServiceImpl - authentication details: UsernamePasswordAuthenticationToken [Principal=org.springframework.security.core.userdetails.User [Username=admin, Password=[PROTECTED], Enabled=true, AccountNonExpired=true, credentialsNonExpired=true, AccountNonLocked=true, Granted Authorities=[ROLE_ADMIN]], Credentials=[PROTECTED], Authenticated=true, Details=null, Granted Authorities=[ROLE_ADMIN]]
04:31:19.564 [INFO] [http-nio-8080-exec-4] c.m.m.service.utility.JwtUtil - Jwt token created for user: admin
04:31:19.577 [INFO] [http-nio-8080-exec-4] c.m.m.s.i.AuthenticationServiceImpl - user: admin logged in
04:32:43.544 [ERROR] [http-nio-8080-exec-5] c.m.m.e.h.GlobalExceptionHandler - RuntimeException -> MethodArgumentNotValidException Validation failed for argument [0] in public com.matrix.mediconcallapp.model.dto.response.PatientDto com.matrix.mediconcallapp.controller.PatientController.add(com.matrix.mediconcallapp.model.dto.request.PatientRegistrationRequestDto) with 2 errors: [Field error in object 'patientRegistrationRequestDto' on field 'phone': rejected value [+994107133033]; codes [Size.patientRegistrationRequestDto.phone,Size.phone,Size.java.lang.String,Size]; arguments [org.springframework.context.support.DefaultMessageSourceResolvable: codes [patientRegistrationRequestDto.phone,phone]; arguments []; default message [phone],12,10]; default message [boyut '10' ile '12' arasında olmalı]] [Field error in object 'patientRegistrationRequestDto' on field 'phone': rejected value [+994107133033]; codes [Pattern.patientRegistrationRequestDto.phone,Pattern.phone,Pattern.java.lang.String,Pattern]; arguments [org.springframework.context.support.DefaultMessageSourceResolvable: codes [patientRegistrationRequestDto.phone,phone]; arguments []; default message [phone],[Ljakarta.validation.constraints.Pattern$Flag;@73da10bc,^[0-9]+$]; default message ['^[0-9]+$' ile eşleşmeli]] 
04:33:01.616 [INFO] [http-nio-8080-exec-7] c.m.m.s.impl.PatientServiceImpl - add method start imran
04:33:01.794 [INFO] [http-nio-8080-exec-7] c.m.m.s.impl.PatientServiceImpl - users registered as patients, username: imran
04:33:28.921 [INFO] [http-nio-8080-exec-3] c.m.m.s.i.AuthenticationServiceImpl - authenticate method started by: imran
04:33:29.045 [INFO] [http-nio-8080-exec-3] c.m.m.s.i.AuthenticationServiceImpl - authentication details: UsernamePasswordAuthenticationToken [Principal=org.springframework.security.core.userdetails.User [Username=imran, Password=[PROTECTED], Enabled=true, AccountNonExpired=true, credentialsNonExpired=true, AccountNonLocked=true, Granted Authorities=[ROLE_PATIENT]], Credentials=[PROTECTED], Authenticated=true, Details=null, Granted Authorities=[ROLE_PATIENT]]
04:33:29.049 [INFO] [http-nio-8080-exec-3] c.m.m.service.utility.JwtUtil - Jwt token created for user: imran
04:33:29.050 [INFO] [http-nio-8080-exec-3] c.m.m.s.i.AuthenticationServiceImpl - user: imran logged in
04:51:39.478 [INFO] [main] c.m.m.MediConCallAppApplication - Starting MediConCallAppApplication using Java 17.0.10 with PID 18740 (C:\Users\imran\IdeaProjects\MediconcallApp\build\classes\java\main started by imran in C:\Users\imran\IdeaProjects\MediConCallApp)
04:51:39.484 [DEBUG] [main] c.m.m.MediConCallAppApplication - Running with Spring Boot v3.1.2, Spring v6.0.11
04:51:39.484 [INFO] [main] c.m.m.MediConCallAppApplication - The following 1 profile is active: "test"
04:51:45.584 [DEBUG] [main] c.m.m.filter.JwtAuthorizationFilter - Filter 'jwtAuthorizationFilter' configured for use
04:51:46.829 [INFO] [main] c.m.m.MediConCallAppApplication - Started MediConCallAppApplication in 7.976 seconds (process running for 8.973)
04:51:46.961 [INFO] [scheduling-1] c.m.m.schedulers.ScheduledService - expired reservations deleted
04:51:46.967 [INFO] [scheduling-1] c.m.m.schedulers.ScheduledService - expired tokens deleted
04:52:11.885 [INFO] [http-nio-8080-exec-1] c.m.m.service.impl.UserServiceImpl - user getById method started by userId: 2
04:52:11.938 [INFO] [http-nio-8080-exec-1] c.m.m.service.impl.UserServiceImpl - user getById method done by userId: 2
04:56:44.955 [INFO] [main] c.m.m.MediConCallAppApplication - Starting MediConCallAppApplication using Java 17.0.10 with PID 11044 (C:\Users\imran\IdeaProjects\MediconcallApp\build\classes\java\main started by imran in C:\Users\imran\IdeaProjects\MediConCallApp)
04:56:44.958 [DEBUG] [main] c.m.m.MediConCallAppApplication - Running with Spring Boot v3.1.2, Spring v6.0.11
04:56:44.959 [INFO] [main] c.m.m.MediConCallAppApplication - The following 1 profile is active: "test"
04:56:51.969 [DEBUG] [main] c.m.m.filter.JwtAuthorizationFilter - Filter 'jwtAuthorizationFilter' configured for use
04:56:54.590 [INFO] [main] c.m.m.MediConCallAppApplication - Started MediConCallAppApplication in 10.236 seconds (process running for 11.21)
04:56:54.933 [INFO] [scheduling-1] c.m.m.schedulers.ScheduledService - expired tokens deleted
04:56:54.974 [INFO] [scheduling-1] c.m.m.schedulers.ScheduledService - expired reservations deleted
04:57:16.579 [INFO] [http-nio-8080-exec-8] c.m.m.s.i.AuthenticationServiceImpl - authenticate method started by: imran
04:57:16.913 [INFO] [http-nio-8080-exec-8] c.m.m.s.i.AuthenticationServiceImpl - authentication details: UsernamePasswordAuthenticationToken [Principal=org.springframework.security.core.userdetails.User [Username=imran, Password=[PROTECTED], Enabled=true, AccountNonExpired=true, credentialsNonExpired=true, AccountNonLocked=true, Granted Authorities=[ROLE_PATIENT]], Credentials=[PROTECTED], Authenticated=true, Details=null, Granted Authorities=[ROLE_PATIENT]]
04:57:16.946 [INFO] [http-nio-8080-exec-8] c.m.m.service.utility.JwtUtil - Jwt token created for user: imran
04:57:16.954 [INFO] [http-nio-8080-exec-8] c.m.m.s.i.AuthenticationServiceImpl - user: imran logged in
19:01:31.151 [INFO] [main] c.m.m.MediConCallAppApplication - Starting MediConCallAppApplication using Java 17.0.10 with PID 16892 (C:\Users\imran\IdeaProjects\MediconcallApp\build\classes\java\main started by imran in C:\Users\imran\IdeaProjects\MediConCallApp)
19:01:31.154 [DEBUG] [main] c.m.m.MediConCallAppApplication - Running with Spring Boot v3.1.2, Spring v6.0.11
19:01:31.154 [INFO] [main] c.m.m.MediConCallAppApplication - The following 1 profile is active: "test"
19:01:38.189 [DEBUG] [main] c.m.m.filter.JwtAuthorizationFilter - Filter 'jwtAuthorizationFilter' configured for use
19:01:39.483 [INFO] [main] c.m.m.MediConCallAppApplication - Started MediConCallAppApplication in 9.092 seconds (process running for 10.836)
19:01:39.650 [INFO] [scheduling-1] c.m.m.schedulers.ScheduledService - expired reservations deleted
19:01:39.657 [INFO] [scheduling-1] c.m.m.schedulers.ScheduledService - expired tokens deleted
19:11:39.496 [INFO] [scheduling-1] c.m.m.schedulers.ScheduledService - expired reservations deleted
19:11:39.500 [INFO] [scheduling-1] c.m.m.schedulers.ScheduledService - expired tokens deleted
19:16:57.216 [INFO] [http-nio-8080-exec-5] c.m.m.s.impl.PatientServiceImpl - add method start imran2
19:16:57.489 [INFO] [http-nio-8080-exec-5] c.m.m.s.impl.PatientServiceImpl - users registered as patients, username: imran2
19:19:38.637 [INFO] [main] c.m.m.MediConCallAppApplication - Starting MediConCallAppApplication using Java 17.0.10 with PID 17048 (C:\Users\imran\IdeaProjects\MediconcallApp\build\classes\java\main started by imran in C:\Users\imran\IdeaProjects\MediConCallApp)
19:19:38.640 [DEBUG] [main] c.m.m.MediConCallAppApplication - Running with Spring Boot v3.1.2, Spring v6.0.11
19:19:38.641 [INFO] [main] c.m.m.MediConCallAppApplication - The following 1 profile is active: "test"
19:19:44.791 [DEBUG] [main] c.m.m.filter.JwtAuthorizationFilter - Filter 'jwtAuthorizationFilter' configured for use
19:19:46.042 [INFO] [main] c.m.m.MediConCallAppApplication - Started MediConCallAppApplication in 7.968 seconds (process running for 8.796)
19:19:46.243 [INFO] [scheduling-1] c.m.m.schedulers.ScheduledService - expired reservations deleted
19:19:46.249 [INFO] [scheduling-1] c.m.m.schedulers.ScheduledService - expired tokens deleted
19:20:53.644 [INFO] [http-nio-8080-exec-1] c.m.m.s.impl.PatientServiceImpl - add method start imran2
19:20:53.683 [ERROR] [http-nio-8080-exec-1] c.m.m.e.h.GlobalExceptionHandler - ConflictException ->  User already exists  - conflict!
19:23:39.201 [INFO] [http-nio-8080-exec-5] c.m.m.s.impl.PatientServiceImpl - add method start imran2
19:23:39.383 [INFO] [http-nio-8080-exec-5] c.m.m.s.impl.PatientServiceImpl - users registered as patients, username: imran2
19:29:46.058 [INFO] [scheduling-1] c.m.m.schedulers.ScheduledService - expired reservations deleted
19:29:46.065 [INFO] [scheduling-1] c.m.m.schedulers.ScheduledService - expired tokens deleted
19:34:22.335 [INFO] [http-nio-8080-exec-3] c.m.m.s.impl.PatientServiceImpl - add method start test
19:34:22.499 [INFO] [http-nio-8080-exec-3] c.m.m.s.impl.PatientServiceImpl - users registered as patients, username: test
19:35:36.423 [ERROR] [http-nio-8080-exec-7] c.m.m.e.h.GlobalExceptionHandler - RuntimeException -> MethodArgumentNotValidException Validation failed for argument [0] in public com.matrix.mediconcallapp.model.dto.response.PatientDto com.matrix.mediconcallapp.controller.PatientController.add(com.matrix.mediconcallapp.model.dto.request.PatientRegistrationRequestDto) with 4 errors: [Field error in object 'patientRegistrationRequestDto' on field 'phone': rejected value [cscds]; codes [Size.patientRegistrationRequestDto.phone,Size.phone,Size.java.lang.String,Size]; arguments [org.springframework.context.support.DefaultMessageSourceResolvable: codes [patientRegistrationRequestDto.phone,phone]; arguments []; default message [phone],12,10]; default message [size must be between 10 and 12]] [Field error in object 'patientRegistrationRequestDto' on field 'bankAccount': rejected value [adsds]; codes [Size.patientRegistrationRequestDto.bankAccount,Size.bankAccount,Size.java.lang.String,Size]; arguments [org.springframework.context.support.DefaultMessageSourceResolvable: codes [patientRegistrationRequestDto.bankAccount,bankAccount]; arguments []; default message [bankAccount],16,16]; default message [size must be between 16 and 16]] [Field error in object 'patientRegistrationRequestDto' on field 'bankAccount': rejected value [adsds]; codes [Pattern.patientRegistrationRequestDto.bankAccount,Pattern.bankAccount,Pattern.java.lang.String,Pattern]; arguments [org.springframework.context.support.DefaultMessageSourceResolvable: codes [patientRegistrationRequestDto.bankAccount,bankAccount]; arguments []; default message [bankAccount],[Ljakarta.validation.constraints.Pattern$Flag;@2de5da65,^[0-9]+$]; default message [must match "^[0-9]+$"]] [Field error in object 'patientRegistrationRequestDto' on field 'phone': rejected value [cscds]; codes [Pattern.patientRegistrationRequestDto.phone,Pattern.phone,Pattern.java.lang.String,Pattern]; arguments [org.springframework.context.support.DefaultMessageSourceResolvable: codes [patientRegistrationRequestDto.phone,phone]; arguments []; default message [phone],[Ljakarta.validation.constraints.Pattern$Flag;@2de5da65,^[0-9]+$]; default message [must match "^[0-9]+$"]] 
19:39:03.783 [INFO] [http-nio-8080-exec-9] c.m.m.s.impl.PatientServiceImpl - add method start salam
19:39:03.926 [INFO] [http-nio-8080-exec-9] c.m.m.s.impl.PatientServiceImpl - users registered as patients, username: salam
19:39:46.056 [INFO] [scheduling-1] c.m.m.schedulers.ScheduledService - expired reservations deleted
19:39:46.063 [INFO] [scheduling-1] c.m.m.schedulers.ScheduledService - expired tokens deleted
19:49:46.066 [INFO] [scheduling-1] c.m.m.schedulers.ScheduledService - expired reservations deleted
19:49:46.073 [INFO] [scheduling-1] c.m.m.schedulers.ScheduledService - expired tokens deleted
19:59:46.084 [INFO] [scheduling-1] c.m.m.schedulers.ScheduledService - expired reservations deleted
19:59:46.089 [INFO] [scheduling-1] c.m.m.schedulers.ScheduledService - expired tokens deleted
20:04:05.304 [INFO] [http-nio-8080-exec-3] c.m.m.s.impl.PatientServiceImpl - add method start baba
20:04:05.538 [INFO] [http-nio-8080-exec-3] c.m.m.s.impl.PatientServiceImpl - users registered as patients, username: baba
20:09:46.054 [INFO] [scheduling-1] c.m.m.schedulers.ScheduledService - expired reservations deleted
20:09:46.058 [INFO] [scheduling-1] c.m.m.schedulers.ScheduledService - expired tokens deleted
20:19:46.062 [INFO] [scheduling-1] c.m.m.schedulers.ScheduledService - expired reservations deleted
20:19:46.071 [INFO] [scheduling-1] c.m.m.schedulers.ScheduledService - expired tokens deleted
20:29:46.053 [INFO] [scheduling-1] c.m.m.schedulers.ScheduledService - expired reservations deleted
20:29:46.082 [INFO] [scheduling-1] c.m.m.schedulers.ScheduledService - expired tokens deleted
20:39:46.065 [INFO] [scheduling-1] c.m.m.schedulers.ScheduledService - expired reservations deleted
20:39:46.071 [INFO] [scheduling-1] c.m.m.schedulers.ScheduledService - expired tokens deleted
20:49:46.057 [INFO] [scheduling-1] c.m.m.schedulers.ScheduledService - expired reservations deleted
20:49:46.064 [INFO] [scheduling-1] c.m.m.schedulers.ScheduledService - expired tokens deleted
20:51:35.287 [INFO] [http-nio-8080-exec-10] c.m.m.service.impl.DoctorServiceImpl - doctor add method started by doctor
20:51:35.503 [INFO] [http-nio-8080-exec-10] c.m.m.service.impl.DoctorServiceImpl - user registered as a doctor role, username: doctor
20:55:12.767 [INFO] [http-nio-8080-exec-2] c.m.m.s.i.AuthenticationServiceImpl - authenticate method started by: doctor
20:55:12.914 [ERROR] [http-nio-8080-exec-2] c.m.m.s.i.AuthenticationServiceImpl - Error due to User is not active 
20:56:46.884 [ERROR] [http-nio-8080-exec-5] c.m.m.e.h.GlobalExceptionHandler - RuntimeException -> MethodArgumentNotValidException Validation failed for argument [0] in public com.matrix.mediconcallapp.model.dto.response.DoctorDto com.matrix.mediconcallapp.controller.DoctorController.add(com.matrix.mediconcallapp.model.dto.request.DoctorRegistrationRequestDto) with 2 errors: [Field error in object 'doctorRegistrationRequestDto' on field 'surname': rejected value [doc1ov]; codes [Pattern.doctorRegistrationRequestDto.surname,Pattern.surname,Pattern.java.lang.String,Pattern]; arguments [org.springframework.context.support.DefaultMessageSourceResolvable: codes [doctorRegistrationRequestDto.surname,surname]; arguments []; default message [surname],[Ljakarta.validation.constraints.Pattern$Flag;@2de5da65,^[A-Za-z]+$]; default message [must match "^[A-Za-z]+$"]] [Field error in object 'doctorRegistrationRequestDto' on field 'name': rejected value [doc1]; codes [Pattern.doctorRegistrationRequestDto.name,Pattern.name,Pattern.java.lang.String,Pattern]; arguments [org.springframework.context.support.DefaultMessageSourceResolvable: codes [doctorRegistrationRequestDto.name,name]; arguments []; default message [name],[Ljakarta.validation.constraints.Pattern$Flag;@2de5da65,^[A-Za-z]+$]; default message [must match "^[A-Za-z]+$"]] 
20:59:37.670 [ERROR] [http-nio-8080-exec-4] c.m.m.e.h.GlobalExceptionHandler - RuntimeException -> MethodArgumentNotValidException Validation failed for argument [0] in public com.matrix.mediconcallapp.model.dto.response.DoctorDto com.matrix.mediconcallapp.controller.DoctorController.add(com.matrix.mediconcallapp.model.dto.request.DoctorRegistrationRequestDto) with 2 errors: [Field error in object 'doctorRegistrationRequestDto' on field 'surname': rejected value [qqq1]; codes [Pattern.doctorRegistrationRequestDto.surname,Pattern.surname,Pattern.java.lang.String,Pattern]; arguments [org.springframework.context.support.DefaultMessageSourceResolvable: codes [doctorRegistrationRequestDto.surname,surname]; arguments []; default message [surname],[Ljakarta.validation.constraints.Pattern$Flag;@2de5da65,^[A-Za-z]+$]; default message [must match "^[A-Za-z]+$"]] [Field error in object 'doctorRegistrationRequestDto' on field 'name': rejected value [qqq1]; codes [Pattern.doctorRegistrationRequestDto.name,Pattern.name,Pattern.java.lang.String,Pattern]; arguments [org.springframework.context.support.DefaultMessageSourceResolvable: codes [doctorRegistrationRequestDto.name,name]; arguments []; default message [name],[Ljakarta.validation.constraints.Pattern$Flag;@2de5da65,^[A-Za-z]+$]; default message [must match "^[A-Za-z]+$"]] 
20:59:46.071 [INFO] [scheduling-1] c.m.m.schedulers.ScheduledService - expired reservations deleted
20:59:46.077 [INFO] [scheduling-1] c.m.m.schedulers.ScheduledService - expired tokens deleted
21:03:13.982 [INFO] [http-nio-8080-exec-3] c.m.m.service.impl.DoctorServiceImpl - doctor add method started by qqqq
21:03:14.123 [INFO] [http-nio-8080-exec-3] c.m.m.service.impl.DoctorServiceImpl - user registered as a doctor role, username: qqqq
21:06:47.368 [INFO] [http-nio-8080-exec-8] c.m.m.s.i.AuthenticationServiceImpl - authenticate method started by: imran
21:06:47.658 [INFO] [http-nio-8080-exec-8] c.m.m.s.i.AuthenticationServiceImpl - authentication details: UsernamePasswordAuthenticationToken [Principal=org.springframework.security.core.userdetails.User [Username=imran, Password=[PROTECTED], Enabled=true, AccountNonExpired=true, credentialsNonExpired=true, AccountNonLocked=true, Granted Authorities=[ROLE_PATIENT]], Credentials=[PROTECTED], Authenticated=true, Details=null, Granted Authorities=[ROLE_PATIENT]]
21:06:47.764 [INFO] [http-nio-8080-exec-8] c.m.m.service.utility.JwtUtil - Jwt token created for user: imran
21:06:47.819 [INFO] [http-nio-8080-exec-8] c.m.m.s.i.AuthenticationServiceImpl - user: imran logged in
21:07:02.590 [INFO] [http-nio-8080-exec-1] c.m.m.service.impl.UserServiceImpl - user getById method started by userId: 2
21:07:02.623 [INFO] [http-nio-8080-exec-1] c.m.m.service.impl.UserServiceImpl - user getById method done by userId: 2
21:09:46.053 [INFO] [scheduling-1] c.m.m.schedulers.ScheduledService - expired reservations deleted
21:09:46.056 [INFO] [scheduling-1] c.m.m.schedulers.ScheduledService - expired tokens deleted
21:19:46.054 [INFO] [scheduling-1] c.m.m.schedulers.ScheduledService - expired reservations deleted
21:19:46.058 [INFO] [scheduling-1] c.m.m.schedulers.ScheduledService - expired tokens deleted
21:29:46.171 [INFO] [scheduling-1] c.m.m.schedulers.ScheduledService - expired reservations deleted
21:29:46.181 [INFO] [scheduling-1] c.m.m.schedulers.ScheduledService - expired tokens deleted
21:32:50.879 [INFO] [http-nio-8080-exec-4] c.m.m.s.i.AuthenticationServiceImpl - authenticate method started by: admin
21:32:51.064 [INFO] [http-nio-8080-exec-4] c.m.m.s.i.AuthenticationServiceImpl - authentication details: UsernamePasswordAuthenticationToken [Principal=org.springframework.security.core.userdetails.User [Username=admin, Password=[PROTECTED], Enabled=true, AccountNonExpired=true, credentialsNonExpired=true, AccountNonLocked=true, Granted Authorities=[ROLE_ADMIN]], Credentials=[PROTECTED], Authenticated=true, Details=null, Granted Authorities=[ROLE_ADMIN]]
21:32:51.072 [INFO] [http-nio-8080-exec-4] c.m.m.service.utility.JwtUtil - Jwt token created for user: admin
21:32:51.099 [INFO] [http-nio-8080-exec-4] c.m.m.s.i.AuthenticationServiceImpl - user: admin logged in
21:32:57.878 [INFO] [http-nio-8080-exec-6] c.m.m.s.i.AuthenticationServiceImpl - authenticate method started by: admin
21:32:57.995 [INFO] [http-nio-8080-exec-6] c.m.m.s.i.AuthenticationServiceImpl - authentication details: UsernamePasswordAuthenticationToken [Principal=org.springframework.security.core.userdetails.User [Username=admin, Password=[PROTECTED], Enabled=true, AccountNonExpired=true, credentialsNonExpired=true, AccountNonLocked=true, Granted Authorities=[ROLE_ADMIN]], Credentials=[PROTECTED], Authenticated=true, Details=null, Granted Authorities=[ROLE_ADMIN]]
21:32:57.999 [INFO] [http-nio-8080-exec-6] c.m.m.service.utility.JwtUtil - Jwt token created for user: admin
21:32:58.001 [INFO] [http-nio-8080-exec-6] c.m.m.s.i.AuthenticationServiceImpl - user: admin logged in
21:35:39.026 [INFO] [http-nio-8080-exec-8] c.m.m.s.i.AuthenticationServiceImpl - authenticate method started by: admin
21:35:39.168 [INFO] [http-nio-8080-exec-8] c.m.m.s.i.AuthenticationServiceImpl - authentication details: UsernamePasswordAuthenticationToken [Principal=org.springframework.security.core.userdetails.User [Username=admin, Password=[PROTECTED], Enabled=true, AccountNonExpired=true, credentialsNonExpired=true, AccountNonLocked=true, Granted Authorities=[ROLE_ADMIN]], Credentials=[PROTECTED], Authenticated=true, Details=null, Granted Authorities=[ROLE_ADMIN]]
21:35:39.175 [INFO] [http-nio-8080-exec-8] c.m.m.service.utility.JwtUtil - Jwt token created for user: admin
21:35:39.178 [INFO] [http-nio-8080-exec-8] c.m.m.s.i.AuthenticationServiceImpl - user: admin logged in
21:36:40.783 [INFO] [http-nio-8080-exec-1] c.m.m.s.i.AuthenticationServiceImpl - authenticate method started by: admin
21:36:40.937 [INFO] [http-nio-8080-exec-1] c.m.m.s.i.AuthenticationServiceImpl - authentication details: UsernamePasswordAuthenticationToken [Principal=org.springframework.security.core.userdetails.User [Username=admin, Password=[PROTECTED], Enabled=true, AccountNonExpired=true, credentialsNonExpired=true, AccountNonLocked=true, Granted Authorities=[ROLE_ADMIN]], Credentials=[PROTECTED], Authenticated=true, Details=null, Granted Authorities=[ROLE_ADMIN]]
21:36:40.940 [INFO] [http-nio-8080-exec-1] c.m.m.service.utility.JwtUtil - Jwt token created for user: admin
21:36:40.941 [INFO] [http-nio-8080-exec-1] c.m.m.s.i.AuthenticationServiceImpl - user: admin logged in
21:37:01.648 [INFO] [http-nio-8080-exec-2] c.m.m.s.i.AuthenticationServiceImpl - authenticate method started by: admin
21:37:01.758 [INFO] [http-nio-8080-exec-2] c.m.m.s.i.AuthenticationServiceImpl - authentication details: UsernamePasswordAuthenticationToken [Principal=org.springframework.security.core.userdetails.User [Username=admin, Password=[PROTECTED], Enabled=true, AccountNonExpired=true, credentialsNonExpired=true, AccountNonLocked=true, Granted Authorities=[ROLE_ADMIN]], Credentials=[PROTECTED], Authenticated=true, Details=null, Granted Authorities=[ROLE_ADMIN]]
21:37:01.761 [INFO] [http-nio-8080-exec-2] c.m.m.service.utility.JwtUtil - Jwt token created for user: admin
21:37:01.762 [INFO] [http-nio-8080-exec-2] c.m.m.s.i.AuthenticationServiceImpl - user: admin logged in
21:37:54.032 [INFO] [http-nio-8080-exec-5] c.m.m.s.i.AuthenticationServiceImpl - authenticate method started by: admin
21:37:54.142 [INFO] [http-nio-8080-exec-5] c.m.m.s.i.AuthenticationServiceImpl - authentication details: UsernamePasswordAuthenticationToken [Principal=org.springframework.security.core.userdetails.User [Username=admin, Password=[PROTECTED], Enabled=true, AccountNonExpired=true, credentialsNonExpired=true, AccountNonLocked=true, Granted Authorities=[ROLE_ADMIN]], Credentials=[PROTECTED], Authenticated=true, Details=null, Granted Authorities=[ROLE_ADMIN]]
21:37:54.147 [INFO] [http-nio-8080-exec-5] c.m.m.service.utility.JwtUtil - Jwt token created for user: admin
21:37:54.149 [INFO] [http-nio-8080-exec-5] c.m.m.s.i.AuthenticationServiceImpl - user: admin logged in
21:38:14.393 [INFO] [http-nio-8080-exec-3] c.m.m.s.i.AuthenticationServiceImpl - authenticate method started by: imran
21:38:14.754 [ERROR] [http-nio-8080-exec-3] c.m.m.s.i.AuthenticationServiceImpl - Error due to Bad credentials 
21:38:30.803 [INFO] [http-nio-8080-exec-6] c.m.m.s.i.AuthenticationServiceImpl - authenticate method started by: admin
21:38:30.914 [INFO] [http-nio-8080-exec-6] c.m.m.s.i.AuthenticationServiceImpl - authentication details: UsernamePasswordAuthenticationToken [Principal=org.springframework.security.core.userdetails.User [Username=admin, Password=[PROTECTED], Enabled=true, AccountNonExpired=true, credentialsNonExpired=true, AccountNonLocked=true, Granted Authorities=[ROLE_ADMIN]], Credentials=[PROTECTED], Authenticated=true, Details=null, Granted Authorities=[ROLE_ADMIN]]
21:38:30.918 [INFO] [http-nio-8080-exec-6] c.m.m.service.utility.JwtUtil - Jwt token created for user: admin
21:38:30.919 [INFO] [http-nio-8080-exec-6] c.m.m.s.i.AuthenticationServiceImpl - user: admin logged in
21:39:46.058 [INFO] [scheduling-1] c.m.m.schedulers.ScheduledService - expired reservations deleted
21:39:46.062 [INFO] [scheduling-1] c.m.m.schedulers.ScheduledService - expired tokens deleted
